# JRE version: Java(TM) SE Runtime Environment (8.0_40-b25) (build 1.8.0_40-b25)
# Java VM: Java HotSpot(TM) 64-Bit Server VM (25.40-b25 mixed mode linux-amd64 compressed oops)
Heap:
 PSYoungGen      total 307200K, used 189347K [0x00000000eab00000, 0x00000000ffd80000, 0x0000000100000000)
  eden space 274944K, 60% used [0x00000000eab00000,0x00000000f4c922e0,0x00000000fb780000)
  from space 32256K, 74% used [0x00000000fde00000,0x00000000ff556a40,0x00000000ffd80000)
  to   space 35840K, 0% used [0x00000000fb780000,0x00000000fb780000,0x00000000fda80000)
 ParOldGen       total 539136K, used 150778K [0x00000000c0000000, 0x00000000e0e80000, 0x00000000eab00000)
  object space 539136K, 27% used [0x00000000c0000000,0x00000000c933e8c8,0x00000000e0e80000)
 Metaspace       used 138422K, capacity 151040K, committed 151128K, reserved 1181696K
  class space    used 16810K, capacity 19070K, committed 19072K, reserved 1048576K
GC Heap History (10 events):
Event: 114,736 GC heap before
{Heap before GC invocations=30 (full 4):
 PSYoungGen      total 322560K, used 319608K [0x00000000eab00000, 0x0000000100000000, 0x0000000100000000)
  eden space 299008K, 100% used [0x00000000eab00000,0x00000000fcf00000,0x00000000fcf00000)
  from space 23552K, 87% used [0x00000000fcf00000,0x00000000fe31e348,0x00000000fe600000)
  to   space 26112K, 0% used [0x00000000fe680000,0x00000000fe680000,0x0000000100000000)
 ParOldGen       total 539136K, used 134775K [0x00000000c0000000, 0x00000000e0e80000, 0x00000000eab00000)
  object space 539136K, 24% used [0x00000000c0000000,0x00000000c839de70,0x00000000e0e80000)
 Metaspace       used 114418K, capacity 121902K, committed 122200K, reserved 1157120K
  class space    used 13473K, capacity 14898K, committed 14976K, reserved 1048576K
Event: 114,766 GC heap after
Heap after GC invocations=30 (full 4):
 PSYoungGen      total 317952K, used 22862K [0x00000000eab00000, 0x0000000100000000, 0x0000000100000000)
  eden space 291840K, 0% used [0x00000000eab00000,0x00000000eab00000,0x00000000fc800000)
  from space 26112K, 87% used [0x00000000fe680000,0x00000000ffcd38a8,0x0000000100000000)
  to   space 28672K, 0% used [0x00000000fc800000,0x00000000fc800000,0x00000000fe400000)
 ParOldGen       total 539136K, used 134783K [0x00000000c0000000, 0x00000000e0e80000, 0x00000000eab00000)
  object space 539136K, 24% used [0x00000000c0000000,0x00000000c839fe70,0x00000000e0e80000)
 Metaspace       used 114418K, capacity 121902K, committed 122200K, reserved 1157120K
  class space    used 13473K, capacity 14898K, committed 14976K, reserved 1048576K
}
Event: 118,294 GC heap before
{Heap before GC invocations=31 (full 4):
 PSYoungGen      total 317952K, used 314702K [0x00000000eab00000, 0x0000000100000000, 0x0000000100000000)
  eden space 291840K, 100% used [0x00000000eab00000,0x00000000fc800000,0x00000000fc800000)
  from space 26112K, 87% used [0x00000000fe680000,0x00000000ffcd38a8,0x0000000100000000)
  to   space 28672K, 0% used [0x00000000fc800000,0x00000000fc800000,0x00000000fe400000)
 ParOldGen       total 539136K, used 134783K [0x00000000c0000000, 0x00000000e0e80000, 0x00000000eab00000)
  object space 539136K, 24% used [0x00000000c0000000,0x00000000c839fe70,0x00000000e0e80000)
 Metaspace       used 122890K, capacity 131250K, committed 131416K, reserved 1165312K
  class space    used 14649K, capacity 16232K, committed 16256K, reserved 1048576K
Event: 118,338 GC heap after
Heap after GC invocations=31 (full 4):
 PSYoungGen      total 320512K, used 28667K [0x00000000eab00000, 0x0000000100000000, 0x0000000100000000)
  eden space 291840K, 0% used [0x00000000eab00000,0x00000000eab00000,0x00000000fc800000)
  from space 28672K, 99% used [0x00000000fc800000,0x00000000fe3fee58,0x00000000fe400000)
  to   space 28672K, 0% used [0x00000000fe400000,0x00000000fe400000,0x0000000100000000)
 ParOldGen       total 539136K, used 137174K [0x00000000c0000000, 0x00000000e0e80000, 0x00000000eab00000)
  object space 539136K, 25% used [0x00000000c0000000,0x00000000c85f5bf0,0x00000000e0e80000)
 Metaspace       used 122890K, capacity 131250K, committed 131416K, reserved 1165312K
  class space    used 14649K, capacity 16232K, committed 16256K, reserved 1048576K
}
Event: 194,330 GC heap before
{Heap before GC invocations=32 (full 4):
 PSYoungGen      total 320512K, used 320507K [0x00000000eab00000, 0x0000000100000000, 0x0000000100000000)
  eden space 291840K, 100% used [0x00000000eab00000,0x00000000fc800000,0x00000000fc800000)
  from space 28672K, 99% used [0x00000000fc800000,0x00000000fe3fee58,0x00000000fe400000)
  to   space 28672K, 0% used [0x00000000fe400000,0x00000000fe400000,0x0000000100000000)
 ParOldGen       total 539136K, used 137174K [0x00000000c0000000, 0x00000000e0e80000, 0x00000000eab00000)
  object space 539136K, 25% used [0x00000000c0000000,0x00000000c85f5bf0,0x00000000e0e80000)
 Metaspace       used 129680K, capacity 139524K, committed 139608K, reserved 1171456K
  class space    used 15689K, capacity 17483K, committed 17536K, reserved 1048576K
Event: 194,380 GC heap after
Heap after GC invocations=32 (full 4):
 PSYoungGen      total 309248K, used 20506K [0x00000000eab00000, 0x0000000100000000, 0x0000000100000000)
  eden space 280576K, 0% used [0x00000000eab00000,0x00000000eab00000,0x00000000fbd00000)
  from space 28672K, 71% used [0x00000000fe400000,0x00000000ff8068a8,0x0000000100000000)
  to   space 34304K, 0% used [0x00000000fbd00000,0x00000000fbd00000,0x00000000fde80000)
 ParOldGen       total 539136K, used 150754K [0x00000000c0000000, 0x00000000e0e80000, 0x00000000eab00000)
  object space 539136K, 27% used [0x00000000c0000000,0x00000000c93388c8,0x00000000e0e80000)
 Metaspace       used 129680K, capacity 139524K, committed 139608K, reserved 1171456K
  class space    used 15689K, capacity 17483K, committed 17536K, reserved 1048576K
}
Event: 710,435 GC heap before
{Heap before GC invocations=33 (full 4):
 PSYoungGen      total 309248K, used 301082K [0x00000000eab00000, 0x0000000100000000, 0x0000000100000000)
  eden space 280576K, 100% used [0x00000000eab00000,0x00000000fbd00000,0x00000000fbd00000)
  from space 28672K, 71% used [0x00000000fe400000,0x00000000ff8068a8,0x0000000100000000)
  to   space 34304K, 0% used [0x00000000fbd00000,0x00000000fbd00000,0x00000000fde80000)
 ParOldGen       total 539136K, used 150754K [0x00000000c0000000, 0x00000000e0e80000, 0x00000000eab00000)
  object space 539136K, 27% used [0x00000000c0000000,0x00000000c93388c8,0x00000000e0e80000)
 Metaspace       used 135292K, capacity 147472K, committed 147672K, reserved 1177600K
  class space    used 16484K, capacity 18684K, committed 18688K, reserved 1048576K
Event: 710,511 GC heap after
Heap after GC invocations=33 (full 4):
 PSYoungGen      total 302592K, used 21753K [0x00000000eab00000, 0x0000000100000000, 0x0000000100000000)
  eden space 280576K, 0% used [0x00000000eab00000,0x00000000eab00000,0x00000000fbd00000)
  from space 22016K, 98% used [0x00000000fbd00000,0x00000000fd23e410,0x00000000fd280000)
  to   space 34816K, 0% used [0x00000000fde00000,0x00000000fde00000,0x0000000100000000)
 ParOldGen       total 539136K, used 150762K [0x00000000c0000000, 0x00000000e0e80000, 0x00000000eab00000)
  object space 539136K, 27% used [0x00000000c0000000,0x00000000c933a8c8,0x00000000e0e80000)
 Metaspace       used 135292K, capacity 147472K, committed 147672K, reserved 1177600K
  class space    used 16484K, capacity 18684K, committed 18688K, reserved 1048576K
}
Event: 1043,065 GC heap before
{Heap before GC invocations=34 (full 4):
 PSYoungGen      total 302592K, used 302329K [0x00000000eab00000, 0x0000000100000000, 0x0000000100000000)
  eden space 280576K, 100% used [0x00000000eab00000,0x00000000fbd00000,0x00000000fbd00000)
  from space 22016K, 98% used [0x00000000fbd00000,0x00000000fd23e410,0x00000000fd280000)
  to   space 34816K, 0% used [0x00000000fde00000,0x00000000fde00000,0x0000000100000000)
 ParOldGen       total 539136K, used 150762K [0x00000000c0000000, 0x00000000e0e80000, 0x00000000eab00000)
  object space 539136K, 27% used [0x00000000c0000000,0x00000000c933a8c8,0x00000000e0e80000)
 Metaspace       used 137605K, capacity 150148K, committed 150360K, reserved 1181696K
  class space    used 16742K, capacity 18964K, committed 19072K, reserved 1048576K
Event: 1043,098 GC heap after
Heap after GC invocations=34 (full 4):
 PSYoungGen      total 307200K, used 23898K [0x00000000eab00000, 0x00000000ffd80000, 0x0000000100000000)
  eden space 274944K, 0% used [0x00000000eab00000,0x00000000eab00000,0x00000000fb780000)
  from space 32256K, 74% used [0x00000000fde00000,0x00000000ff556a40,0x00000000ffd80000)
  to   space 35840K, 0% used [0x00000000fb780000,0x00000000fb780000,0x00000000fda80000)
 ParOldGen       total 539136K, used 150778K [0x00000000c0000000, 0x00000000e0e80000, 0x00000000eab00000)
  object space 539136K, 27% used [0x00000000c0000000,0x00000000c933e8c8,0x00000000e0e80000)
 Metaspace       used 137605K, capacity 150148K, committed 150360K, reserved 1181696K
  class space    used 16742K, capacity 18964K, committed 19072K, reserved 1048576K
}

